SF:lib/core/error/Failure.dart
DA:4,0
DA:8,0
DA:13,0
LF:3
LH:0
end_of_record
SF:lib/core/usecase/usecase.dart
DA:10,0
LF:1
LH:0
end_of_record
SF:lib/features/number_trivias/domain/entities/number_trivia.dart
DA:8,4
DA:10,1
DA:11,3
LF:3
LH:3
end_of_record
SF:lib/features/number_trivias/domain/usecases/get_random_number_trivia.dart
DA:10,1
DA:13,1
DA:14,3
LF:3
LH:3
end_of_record
SF:lib/features/number_trivias/domain/usecases/get_concrete_number_trivia.dart
DA:12,1
DA:15,1
DA:16,4
DA:23,1
DA:25,0
DA:26,0
LF:6
LH:4
end_of_record
SF:lib/features/number_trivias/data/models/number_trivia_model.dart
DA:5,2
DA:6,2
DA:8,1
DA:9,1
DA:10,3
DA:13,1
DA:14,3
LF:7
LH:7
end_of_record
SF:lib/features/number_trivias/data/repositories/number_trivia_repository_impl.dart
DA:16,1
DA:22,1
DA:24,2
DA:27,3
DA:28,2
DA:29,1
DA:30,0
DA:31,0
DA:35,0
LF:9
LH:6
end_of_record
SF:lib/main.dart
DA:3,0
DA:7,1
DA:9,1
DA:11,1
DA:14,1
DA:20,2
DA:24,1
DA:25,1
DA:31,1
DA:32,2
DA:33,2
DA:37,1
DA:39,1
DA:40,1
DA:41,3
DA:43,1
DA:44,1
DA:46,1
DA:47,1
DA:50,1
DA:51,2
DA:52,3
DA:57,1
DA:58,1
DA:60,1
LF:25
LH:24
end_of_record
